[0610/212007.013:ERROR:process_reader_win.cc(127)] NtOpenThread: {Access Denied} A process has requested access to an object, but has not been granted those access rights. (0xc0000022)
[0610/212007.016:ERROR:exception_snapshot_win.cc(99)] thread ID 22212 not found in process
[0610/212007.084:ERROR:process_reader_win.cc(127)] NtOpenThread: {Access Denied} A process has requested access to an object, but has not been granted those access rights. (0xc0000022)
[0610/212007.084:ERROR:exception_snapshot_win.cc(99)] thread ID 19160 not found in process
[0610/212007.318:ERROR:minidumpwritedump_with_crashpad_info.cc(435)] Failed to call MiniDumpWriteDump: Only part of a ReadProcessMemory or WriteProcessMemory request was completed. (0x8007012B)
[0610/212007.318:ERROR:minidumpwritedump_with_crashpad_info.cc(592)] Failed to write minidump file
[0610/212007.318:ERROR:crash_report_exception_handler.cc(132)] TryMiniDumpWriteDumpWithCrashpadInfo failed
[0610/212007.318:ERROR:process_memory_win.cc(73)] ReadMemory at 0x7ff647cb0000 of 64 bytes failed: Only part of a ReadProcessMemory or WriteProcessMemory request was completed. (0x12B)
[0610/212007.318:WARNING:pe_image_reader.cc(340)] could not read dos header from C:\Program Files (x86)\Microsoft\Edge\Application\msedge.exe
[0610/212007.322:ERROR:process_memory_win.cc(73)] ReadMemory at 0x7ff9f7530000 of 64 bytes failed: Only part of a ReadProcessMemory or WriteProcessMemory request was completed. (0x12B)
[0610/212007.322:WARNING:pe_image_reader.cc(340)] could not read dos header from C:\WINDOWS\SYSTEM32\apphelp.dll
[0610/212007.322:ERROR:process_memory_win.cc(73)] ReadMemory at 0x7ff9bb580000 of 64 bytes failed: Only part of a ReadProcessMemory or WriteProcessMemory request was completed. (0x12B)
[0610/212007.322:WARNING:pe_image_reader.cc(340)] could not read dos header from C:\Program Files (x86)\Microsoft\Edge\Application\83.0.478.45\msedge_elf.dll
[0610/212007.322:ERROR:process_memory_win.cc(73)] ReadMemory at 0x7ff9f9d60000 of 64 bytes failed: Only part of a ReadProcessMemory or WriteProcessMemory request was completed. (0x12B)
[0610/212007.322:WARNING:pe_image_reader.cc(340)] could not read dos header from C:\WINDOWS\System32\ucrtbase.dll
[0610/212007.322:ERROR:process_memory_win.cc(73)] ReadMemory at 0x7ff9f9af0000 of 64 bytes failed: Only part of a ReadProcessMemory or WriteProcessMemory request was completed. (0x12B)
[0610/212007.322:WARNING:pe_image_reader.cc(340)] could not read dos header from C:\WINDOWS\System32\WINTRUST.dll
[0610/212007.322:ERROR:process_memory_win.cc(73)] ReadMemory at 0x7ff9f9b50000 of 64 bytes failed: Only part of a ReadProcessMemory or WriteProcessMemory request was completed. (0x12B)
[0610/212007.322:WARNING:pe_image_reader.cc(340)] could not read dos header from C:\WINDOWS\System32\CRYPT32.dll
[0610/212007.322:ERROR:process_memory_win.cc(73)] ReadMemory at 0x7ff9f8f10000 of 64 bytes failed: Only part of a ReadProcessMemory or WriteProcessMemory request was completed. (0x12B)
[0610/212007.322:WARNING:pe_image_reader.cc(340)] could not read dos header from C:\WINDOWS\SYSTEM32\IPHLPAPI.DLL
[0610/212007.322:ERROR:process_memory_win.cc(73)] ReadMemory at 0x7ff9f14f0000 of 64 bytes failed: Only part of a ReadProcessMemory or WriteProcessMemory request was completed. (0x12B)
[0610/212007.322:WARNING:pe_image_reader.cc(340)] could not read dos header from C:\WINDOWS\SYSTEM32\WINMM.dll
[0610/212007.322:ERROR:process_memory_win.cc(73)] ReadMemory at 0x7ff9e2e30000 of 64 bytes failed: Only part of a ReadProcessMemory or WriteProcessMemory request was completed. (0x12B)
[0610/212007.322:WARNING:pe_image_reader.cc(340)] could not read dos header from C:\WINDOWS\SYSTEM32\Secur32.dll
[0610/212007.322:ERROR:process_memory_win.cc(73)] ReadMemory at 0x7ff9f99c0000 of 64 bytes failed: Only part of a ReadProcessMemory or WriteProcessMemory request was completed. (0x12B)
[0610/212007.322:WARNING:pe_image_reader.cc(340)] could not read dos header from C:\WINDOWS\SYSTEM32\USERENV.dll
[0610/212007.322:ERROR:process_memory_win.cc(73)] ReadMemory at 0x7ff9cb070000 of 64 bytes failed: Only part of a ReadProcessMemory or WriteProcessMemory request was completed. (0x12B)
[0610/212007.322:WARNING:pe_image_reader.cc(340)] could not read dos header from C:\WINDOWS\SYSTEM32\UIAutomationCore.DLL
[0610/212007.322:ERROR:process_memory_win.cc(73)] ReadMemory at 0x7ff9f3170000 of 64 bytes failed: Only part of a ReadProcessMemory or WriteProcessMemory request was completed. (0x12B)
[0610/212007.322:WARNING:pe_image_reader.cc(340)] could not read dos header from C:\WINDOWS\SYSTEM32\WINHTTP.dll
[0610/212007.322:ERROR:process_memory_win.cc(73)] ReadMemory at 0x7ff9e9700000 of 64 bytes failed: Only part of a ReadProcessMemory or WriteProcessMemory request was completed. (0x12B)
[0610/212007.322:WARNING:pe_image_reader.cc(340)] could not read dos header from C:\WINDOWS\SYSTEM32\DWrite.dll
[0610/212007.322:ERROR:process_memory_win.cc(73)] ReadMemory at 0x7ff9f01d0000 of 64 bytes failed: Only part of a ReadProcessMemory or WriteProcessMemory request was completed. (0x12B)
[0610/212007.322:WARNING:pe_image_reader.cc(340)] could not read dos header from C:\WINDOWS\SYSTEM32\WINSPOOL.DRV
[0610/212007.322:ERROR:process_memory_win.cc(73)] ReadMemory at 0x7ff9e2e40000 of 64 bytes failed: Only part of a ReadProcessMemory or WriteProcessMemory request was completed. (0x12B)
[0610/212007.322:WARNING:pe_image_reader.cc(340)] could not read dos header from C:\WINDOWS\SYSTEM32\dbghelp.dll
[0610/212007.322:ERROR:process_memory_win.cc(73)] ReadMemory at 0x7ff9f1840000 of 64 bytes failed: Only part of a ReadProcessMemory or WriteProcessMemory request was completed. (0x12B)
[0610/212007.322:WARNING:pe_image_reader.cc(340)] could not read dos header from C:\WINDOWS\SYSTEM32\dhcpcsvc.DLL
[0610/212007.322:ERROR:process_memory_win.cc(73)] ReadMemory at 0x7ff9f99f0000 of 64 bytes failed: Only part of a ReadProcessMemory or WriteProcessMemory request was completed. (0x12B)
[0610/212007.322:WARNING:pe_image_reader.cc(340)] could not read dos header from C:\WINDOWS\SYSTEM32\SSPICLI.DLL
[0610/212007.322:ERROR:process_memory_win.cc(73)] ReadMemory at 0x7ff9f9860000 of 64 bytes failed: Only part of a ReadProcessMemory or WriteProcessMemory request was completed. (0x12B)
[0610/212007.322:WARNING:pe_image_reader.cc(340)] could not read dos header from C:\WINDOWS\System32\MSASN1.dll
[0610/212007.322:ERROR:process_memory_win.cc(73)] ReadMemory at 0x7ff9f9ce0000 of 64 bytes failed: Only part of a ReadProcessMemory or WriteProcessMemory request was completed. (0x12B)
[0610/212007.322:WARNING:pe_image_reader.cc(340)] could not read dos header from C:\WINDOWS\System32\bcryptPrimitives.dll
[0610/212007.322:ERROR:process_memory_win.cc(73)] ReadMemory at 0x7ff9f9400000 of 64 bytes failed: Only part of a ReadProcessMemory or WriteProcessMemory request was completed. (0x12B)
[0610/212007.322:WARNING:pe_image_reader.cc(340)] could not read dos header from C:\WINDOWS\SYSTEM32\CRYPTBASE.DLL
[0610/212007.322:ERROR:process_memory_win.cc(73)] ReadMemory at 0x7ff9f9a30000 of 64 bytes failed: Only part of a ReadProcessMemory or WriteProcessMemory request was completed. (0x12B)
[0610/212007.322:WARNING:pe_image_reader.cc(340)] could not read dos header from C:\WINDOWS\System32\profapi.dll
[0610/212007.322:ERROR:process_memory_win.cc(73)] ReadMemory at 0x7ff647cb0000 of 64 bytes failed: Only part of a ReadProcessMemory or WriteProcessMemory request was completed. (0x12B)
[0610/212007.322:WARNING:pe_image_reader.cc(340)] could not read dos header from C:\Program Files (x86)\Microsoft\Edge\Application\msedge.exe
[0610/212007.322:ERROR:process_memory_win.cc(73)] ReadMemory at 0x7ff647cb0000 of 64 bytes failed: Only part of a ReadProcessMemory or WriteProcessMemory request was completed. (0x12B)
[0610/212007.322:WARNING:pe_image_reader.cc(340)] could not read dos header from C:\Program Files (x86)\Microsoft\Edge\Application\msedge.exe
[0610/212007.322:ERROR:process_memory_win.cc(73)] ReadMemory at 0x7ff9f7530000 of 64 bytes failed: Only part of a ReadProcessMemory or WriteProcessMemory request was completed. (0x12B)
[0610/212007.322:WARNING:pe_image_reader.cc(340)] could not read dos header from C:\WINDOWS\SYSTEM32\apphelp.dll
[0610/212007.322:ERROR:process_memory_win.cc(73)] ReadMemory at 0x7ff9f7530000 of 64 bytes failed: Only part of a ReadProcessMemory or WriteProcessMemory request was completed. (0x12B)
[0610/212007.322:WARNING:pe_image_reader.cc(340)] could not read dos header from C:\WINDOWS\SYSTEM32\apphelp.dll
[0610/212007.322:ERROR:process_memory_win.cc(73)] ReadMemory at 0x7ff9bb580000 of 64 bytes failed: Only part of a ReadProcessMemory or WriteProcessMemory request was completed. (0x12B)
[0610/212007.322:WARNING:pe_image_reader.cc(340)] could not read dos header from C:\Program Files (x86)\Microsoft\Edge\Application\83.0.478.45\msedge_elf.dll
[0610/212007.322:ERROR:process_memory_win.cc(73)] ReadMemory at 0x7ff9bb580000 of 64 bytes failed: Only part of a ReadProcessMemory or WriteProcessMemory request was completed. (0x12B)
[0610/212007.322:WARNING:pe_image_reader.cc(340)] could not read dos header from C:\Program Files (x86)\Microsoft\Edge\Application\83.0.478.45\msedge_elf.dll
[0610/212007.326:ERROR:process_memory_win.cc(73)] ReadMemory at 0x7ff9881f0000 of 64 bytes failed: Only part of a ReadProcessMemory or WriteProcessMemory request was completed. (0x12B)
[0610/212007.326:WARNING:pe_image_reader.cc(340)] could not read dos header from C:\Program Files (x86)\Microsoft\Edge\Application\83.0.478.45\msedge.dll
[0610/212007.326:ERROR:process_memory_win.cc(73)] ReadMemory at 0x7ff9881f0000 of 64 bytes failed: Only part of a ReadProcessMemory or WriteProcessMemory request was completed. (0x12B)
[0610/212007.326:WARNING:pe_image_reader.cc(340)] could not read dos header from C:\Program Files (x86)\Microsoft\Edge\Application\83.0.478.45\msedge.dll
[0610/212007.326:ERROR:process_memory_win.cc(73)] ReadMemory at 0x7ff9f9d60000 of 64 bytes failed: Only part of a ReadProcessMemory or WriteProcessMemory request was completed. (0x12B)
[0610/212007.326:WARNING:pe_image_reader.cc(340)] could not read dos header from C:\WINDOWS\System32\ucrtbase.dll
[0610/212007.326:ERROR:process_memory_win.cc(73)] ReadMemory at 0x7ff9f9d60000 of 64 bytes failed: Only part of a ReadProcessMemory or WriteProcessMemory request was completed. (0x12B)
[0610/212007.326:WARNING:pe_image_reader.cc(340)] could not read dos header from C:\WINDOWS\System32\ucrtbase.dll
[0610/212007.326:ERROR:process_memory_win.cc(73)] ReadMemory at 0x7ff9f9af0000 of 64 bytes failed: Only part of a ReadProcessMemory or WriteProcessMemory request was completed. (0x12B)
[0610/212007.326:WARNING:pe_image_reader.cc(340)] could not read dos header from C:\WINDOWS\System32\WINTRUST.dll
[0610/212007.326:ERROR:process_memory_win.cc(73)] ReadMemory at 0x7ff9f9af0000 of 64 bytes failed: Only part of a ReadProcessMemory or WriteProcessMemory request was completed. (0x12B)
[0610/212007.326:WARNING:pe_image_reader.cc(340)] could not read dos header from C:\WINDOWS\System32\WINTRUST.dll
[0610/212007.326:ERROR:process_memory_win.cc(73)] ReadMemory at 0x7ff9f9b50000 of 64 bytes failed: Only part of a ReadProcessMemory or WriteProcessMemory request was completed. (0x12B)
[0610/212007.326:WARNING:pe_image_reader.cc(340)] could not read dos header from C:\WINDOWS\System32\CRYPT32.dll
[0610/212007.326:ERROR:process_memory_win.cc(73)] ReadMemory at 0x7ff9f9b50000 of 64 bytes failed: Only part of a ReadProcessMemory or WriteProcessMemory request was completed. (0x12B)
[0610/212007.326:WARNING:pe_image_reader.cc(340)] could not read dos header from C:\WINDOWS\System32\CRYPT32.dll
[0610/212007.326:ERROR:process_memory_win.cc(73)] ReadMemory at 0x7ff9f8f10000 of 64 bytes failed: Only part of a ReadProcessMemory or WriteProcessMemory request was completed. (0x12B)
[0610/212007.326:WARNING:pe_image_reader.cc(340)] could not read dos header from C:\WINDOWS\SYSTEM32\IPHLPAPI.DLL
[0610/212007.326:ERROR:process_memory_win.cc(73)] ReadMemory at 0x7ff9f8f10000 of 64 bytes failed: Only part of a ReadProcessMemory or WriteProcessMemory request was completed. (0x12B)
[0610/212007.326:WARNING:pe_image_reader.cc(340)] could not read dos header from C:\WINDOWS\SYSTEM32\IPHLPAPI.DLL
[0610/212007.326:ERROR:process_memory_win.cc(73)] ReadMemory at 0x7ff9f14f0000 of 64 bytes failed: Only part of a ReadProcessMemory or WriteProcessMemory request was completed. (0x12B)
[0610/212007.326:WARNING:pe_image_reader.cc(340)] could not read dos header from C:\WINDOWS\SYSTEM32\WINMM.dll
[0610/212007.326:ERROR:process_memory_win.cc(73)] ReadMemory at 0x7ff9f14f0000 of 64 bytes failed: Only part of a ReadProcessMemory or WriteProcessMemory request was completed. (0x12B)
[0610/212007.326:WARNING:pe_image_reader.cc(340)] could not read dos header from C:\WINDOWS\SYSTEM32\WINMM.dll
[0610/212007.326:ERROR:process_memory_win.cc(73)] ReadMemory at 0x7ff9e2e30000 of 64 bytes failed: Only part of a ReadProcessMemory or WriteProcessMemory request was completed. (0x12B)
[0610/212007.326:WARNING:pe_image_reader.cc(340)] could not read dos header from C:\WINDOWS\SYSTEM32\Secur32.dll
[0610/212007.326:ERROR:process_memory_win.cc(73)] ReadMemory at 0x7ff9e2e30000 of 64 bytes failed: Only part of a ReadProcessMemory or WriteProcessMemory request was completed. (0x12B)
[0610/212007.326:WARNING:pe_image_reader.cc(340)] could not read dos header from C:\WINDOWS\SYSTEM32\Secur32.dll
[0610/212007.328:ERROR:process_memory_win.cc(73)] ReadMemory at 0x7ff9f99c0000 of 64 bytes failed: Only part of a ReadProcessMemory or WriteProcessMemory request was completed. (0x12B)
[0610/212007.328:WARNING:pe_image_reader.cc(340)] could not read dos header from C:\WINDOWS\SYSTEM32\USERENV.dll
[0610/212007.328:ERROR:process_memory_win.cc(73)] ReadMemory at 0x7ff9f99c0000 of 64 bytes failed: Only part of a ReadProcessMemory or WriteProcessMemory request was completed. (0x12B)
[0610/212007.328:WARNING:pe_image_reader.cc(340)] could not read dos header from C:\WINDOWS\SYSTEM32\USERENV.dll
[0610/212007.328:ERROR:process_memory_win.cc(73)] ReadMemory at 0x7ff9cb070000 of 64 bytes failed: Only part of a ReadProcessMemory or WriteProcessMemory request was completed. (0x12B)
[0610/212007.328:WARNING:pe_image_reader.cc(340)] could not read dos header from C:\WINDOWS\SYSTEM32\UIAutomationCore.DLL
[0610/212007.328:ERROR:process_memory_win.cc(73)] ReadMemory at 0x7ff9cb070000 of 64 bytes failed: Only part of a ReadProcessMemory or WriteProcessMemory request was completed. (0x12B)
[0610/212007.328:WARNING:pe_image_reader.cc(340)] could not read dos header from C:\WINDOWS\SYSTEM32\UIAutomationCore.DLL
[0610/212007.328:ERROR:process_memory_win.cc(73)] ReadMemory at 0x7ff9f3170000 of 64 bytes failed: Only part of a ReadProcessMemory or WriteProcessMemory request was completed. (0x12B)
[0610/212007.328:WARNING:pe_image_reader.cc(340)] could not read dos header from C:\WINDOWS\SYSTEM32\WINHTTP.dll
[0610/212007.328:ERROR:process_memory_win.cc(73)] ReadMemory at 0x7ff9f3170000 of 64 bytes failed: Only part of a ReadProcessMemory or WriteProcessMemory request was completed. (0x12B)
[0610/212007.328:WARNING:pe_image_reader.cc(340)] could not read dos header from C:\WINDOWS\SYSTEM32\WINHTTP.dll
[0610/212007.328:ERROR:process_memory_win.cc(73)] ReadMemory at 0x7ff9e9700000 of 64 bytes failed: Only part of a ReadProcessMemory or WriteProcessMemory request was completed. (0x12B)
[0610/212007.328:WARNING:pe_image_reader.cc(340)] could not read dos header from C:\WINDOWS\SYSTEM32\DWrite.dll
[0610/212007.328:ERROR:process_memory_win.cc(73)] ReadMemory at 0x7ff9e9700000 of 64 bytes failed: Only part of a ReadProcessMemory or WriteProcessMemory request was completed. (0x12B)
[0610/212007.328:WARNING:pe_image_reader.cc(340)] could not read dos header from C:\WINDOWS\SYSTEM32\DWrite.dll
[0610/212007.328:ERROR:process_memory_win.cc(73)] ReadMemory at 0x7ff9f01d0000 of 64 bytes failed: Only part of a ReadProcessMemory or WriteProcessMemory request was completed. (0x12B)
[0610/212007.328:WARNING:pe_image_reader.cc(340)] could not read dos header from C:\WINDOWS\SYSTEM32\WINSPOOL.DRV
[0610/212007.328:ERROR:process_memory_win.cc(73)] ReadMemory at 0x7ff9f01d0000 of 64 bytes failed: Only part of a ReadProcessMemory or WriteProcessMemory request was completed. (0x12B)
[0610/212007.328:WARNING:pe_image_reader.cc(340)] could not read dos header from C:\WINDOWS\SYSTEM32\WINSPOOL.DRV
[0610/212007.328:ERROR:process_memory_win.cc(73)] ReadMemory at 0x7ff9e2e40000 of 64 bytes failed: Only part of a ReadProcessMemory or WriteProcessMemory request was completed. (0x12B)
[0610/212007.328:WARNING:pe_image_reader.cc(340)] could not read dos header from C:\WINDOWS\SYSTEM32\dbghelp.dll
[0610/212007.328:ERROR:process_memory_win.cc(73)] ReadMemory at 0x7ff9e2e40000 of 64 bytes failed: Only part of a ReadProcessMemory or WriteProcessMemory request was completed. (0x12B)
[0610/212007.328:WARNING:pe_image_reader.cc(340)] could not read dos header from C:\WINDOWS\SYSTEM32\dbghelp.dll
[0610/212007.328:ERROR:process_memory_win.cc(73)] ReadMemory at 0x7ff9f1840000 of 64 bytes failed: Only part of a ReadProcessMemory or WriteProcessMemory request was completed. (0x12B)
[0610/212007.328:WARNING:pe_image_reader.cc(340)] could not read dos header from C:\WINDOWS\SYSTEM32\dhcpcsvc.DLL
[0610/212007.328:ERROR:process_memory_win.cc(73)] ReadMemory at 0x7ff9f1840000 of 64 bytes failed: Only part of a ReadProcessMemory or WriteProcessMemory request was completed. (0x12B)
[0610/212007.328:WARNING:pe_image_reader.cc(340)] could not read dos header from C:\WINDOWS\SYSTEM32\dhcpcsvc.DLL
[0610/212007.328:ERROR:process_memory_win.cc(73)] ReadMemory at 0x7ff9f99f0000 of 64 bytes failed: Only part of a ReadProcessMemory or WriteProcessMemory request was completed. (0x12B)
[0610/212007.328:WARNING:pe_image_reader.cc(340)] could not read dos header from C:\WINDOWS\SYSTEM32\SSPICLI.DLL
[0610/212007.328:ERROR:process_memory_win.cc(73)] ReadMemory at 0x7ff9f99f0000 of 64 bytes failed: Only part of a ReadProcessMemory or WriteProcessMemory request was completed. (0x12B)
[0610/212007.328:WARNING:pe_image_reader.cc(340)] could not read dos header from C:\WINDOWS\SYSTEM32\SSPICLI.DLL
[0610/212007.328:ERROR:process_memory_win.cc(73)] ReadMemory at 0x7ff9f9860000 of 64 bytes failed: Only part of a ReadProcessMemory or WriteProcessMemory request was completed. (0x12B)
[0610/212007.328:WARNING:pe_image_reader.cc(340)] could not read dos header from C:\WINDOWS\System32\MSASN1.dll
[0610/212007.328:ERROR:process_memory_win.cc(73)] ReadMemory at 0x7ff9f9860000 of 64 bytes failed: Only part of a ReadProcessMemory or WriteProcessMemory request was completed. (0x12B)
[0610/212007.328:WARNING:pe_image_reader.cc(340)] could not read dos header from C:\WINDOWS\System32\MSASN1.dll
[0610/212007.328:ERROR:process_memory_win.cc(73)] ReadMemory at 0x7ff9f9ce0000 of 64 bytes failed: Only part of a ReadProcessMemory or WriteProcessMemory request was completed. (0x12B)
[0610/212007.328:WARNING:pe_image_reader.cc(340)] could not read dos header from C:\WINDOWS\System32\bcryptPrimitives.dll
[0610/212007.328:ERROR:process_memory_win.cc(73)] ReadMemory at 0x7ff9f9ce0000 of 64 bytes failed: Only part of a ReadProcessMemory or WriteProcessMemory request was completed. (0x12B)
[0610/212007.328:WARNING:pe_image_reader.cc(340)] could not read dos header from C:\WINDOWS\System32\bcryptPrimitives.dll
[0610/212007.328:ERROR:process_memory_win.cc(73)] ReadMemory at 0x7ff9f9400000 of 64 bytes failed: Only part of a ReadProcessMemory or WriteProcessMemory request was completed. (0x12B)
[0610/212007.328:WARNING:pe_image_reader.cc(340)] could not read dos header from C:\WINDOWS\SYSTEM32\CRYPTBASE.DLL
[0610/212007.328:ERROR:process_memory_win.cc(73)] ReadMemory at 0x7ff9f9400000 of 64 bytes failed: Only part of a ReadProcessMemory or WriteProcessMemory request was completed. (0x12B)
[0610/212007.328:WARNING:pe_image_reader.cc(340)] could not read dos header from C:\WINDOWS\SYSTEM32\CRYPTBASE.DLL
[0610/212007.328:ERROR:process_memory_win.cc(73)] ReadMemory at 0x7ff9f9a30000 of 64 bytes failed: Only part of a ReadProcessMemory or WriteProcessMemory request was completed. (0x12B)
[0610/212007.328:WARNING:pe_image_reader.cc(340)] could not read dos header from C:\WINDOWS\System32\profapi.dll
[0610/212007.328:ERROR:process_memory_win.cc(73)] ReadMemory at 0x7ff9f9a30000 of 64 bytes failed: Only part of a ReadProcessMemory or WriteProcessMemory request was completed. (0x12B)
[0610/212007.328:WARNING:pe_image_reader.cc(340)] could not read dos header from C:\WINDOWS\System32\profapi.dll
[0610/212007.346:ERROR:minidumpwritedump_with_crashpad_info.cc(435)] Failed to call MiniDumpWriteDump: Access is denied. (0x80070005)
[0610/212007.346:ERROR:minidumpwritedump_with_crashpad_info.cc(592)] Failed to write minidump file
[0610/212007.346:ERROR:crash_report_exception_handler.cc(132)] TryMiniDumpWriteDumpWithCrashpadInfo failed
[0610/212007.348:ERROR:process_memory_win.cc(73)] ReadMemory at 0x18047e05040 of 72 bytes failed: Only part of a ReadProcessMemory or WriteProcessMemory request was completed. (0x12B)
[0610/212007.348:WARNING:pe_image_annotations_reader.cc(134)] could not read annotations list object in C:\Program Files (x86)\Microsoft\Edge\Application\83.0.478.45\msedge_elf.dll
[0610/212007.348:ERROR:process_memory_win.cc(73)] ReadMemory at 0x180485160f0 of 72 bytes failed: Only part of a ReadProcessMemory or WriteProcessMemory request was completed. (0x12B)
[0610/212007.348:WARNING:pe_image_annotations_reader.cc(134)] could not read annotations list object in C:\Program Files (x86)\Microsoft\Edge\Application\83.0.478.45\msedge.dll
[0610/212007.366:ERROR:process_memory_win.cc(73)] ReadMemory at 0x7ff647cb0000 of 64 bytes failed: Only part of a ReadProcessMemory or WriteProcessMemory request was completed. (0x12B)
[0610/212007.366:WARNING:pe_image_reader.cc(340)] could not read dos header from C:\Program Files (x86)\Microsoft\Edge\Application\msedge.exe
[0610/212007.366:ERROR:process_memory_win.cc(73)] ReadMemory at 0x7ff9fa150000 of 64 bytes failed: Only part of a ReadProcessMemory or WriteProcessMemory request was completed. (0x12B)
[0610/212007.366:WARNING:pe_image_reader.cc(340)] could not read dos header from C:\WINDOWS\System32\KERNELBASE.dll
[0610/212007.368:ERROR:process_memory_win.cc(73)] ReadMemory at 0x7ff9f7530000 of 64 bytes failed: Only part of a ReadProcessMemory or WriteProcessMemory request was completed. (0x12B)
[0610/212007.368:WARNING:pe_image_reader.cc(340)] could not read dos header from C:\WINDOWS\SYSTEM32\apphelp.dll
[0610/212007.368:ERROR:process_memory_win.cc(73)] ReadMemory at 0x7ff9bb580000 of 64 bytes failed: Only part of a ReadProcessMemory or WriteProcessMemory request was completed. (0x12B)
[0610/212007.368:WARNING:pe_image_reader.cc(340)] could not read dos header from C:\Program Files (x86)\Microsoft\Edge\Application\83.0.478.45\msedge_elf.dll
[0610/212007.368:ERROR:process_memory_win.cc(73)] ReadMemory at 0x7ff9fb800000 of 64 bytes failed: Only part of a ReadProcessMemory or WriteProcessMemory request was completed. (0x12B)
[0610/212007.368:WARNING:pe_image_reader.cc(340)] could not read dos header from C:\WINDOWS\System32\msvcrt.dll
[0610/212007.368:ERROR:process_memory_win.cc(73)] ReadMemory at 0x7ff9fa430000 of 64 bytes failed: Only part of a ReadProcessMemory or WriteProcessMemory request was completed. (0x12B)
[0610/212007.368:WARNING:pe_image_reader.cc(340)] could not read dos header from C:\WINDOWS\System32\sechost.dll
[0610/212007.368:ERROR:process_memory_win.cc(73)] ReadMemory at 0x7ff9881f0000 of 64 bytes failed: Only part of a ReadProcessMemory or WriteProcessMemory request was completed. (0x12B)
[0610/212007.368:WARNING:pe_image_reader.cc(340)] could not read dos header from C:\Program Files (x86)\Microsoft\Edge\Application\83.0.478.45\msedge.dll
[0610/212007.368:ERROR:process_memory_win.cc(73)] ReadMemory at 0x7ff9fb620000 of 64 bytes failed: Only part of a ReadProcessMemory or WriteProcessMemory request was completed. (0x12B)
[0610/212007.368:WARNING:pe_image_reader.cc(340)] could not read dos header from C:\WINDOWS\System32\OLEAUT32.dll
[0610/212007.368:ERROR:process_memory_win.cc(73)] ReadMemory at 0x7ff9f9e70000 of 64 bytes failed: Only part of a ReadProcessMemory or WriteProcessMemory request was completed. (0x12B)
[0610/212007.368:WARNING:pe_image_reader.cc(340)] could not read dos header from C:\WINDOWS\System32\msvcp_win.dll
[0610/212007.368:ERROR:process_memory_win.cc(73)] ReadMemory at 0x7ff9f9d60000 of 64 bytes failed: Only part of a ReadProcessMemory or WriteProcessMemory request was completed. (0x12B)
[0610/212007.368:WARNING:pe_image_reader.cc(340)] could not read dos header from C:\WINDOWS\System32\ucrtbase.dll
[0610/212007.368:ERROR:process_memory_win.cc(73)] ReadMemory at 0x7ff9faab0000 of 64 bytes failed: Only part of a ReadProcessMemory or WriteProcessMemory request was completed. (0x12B)
[0610/212007.368:WARNING:pe_image_reader.cc(340)] could not read dos header from C:\WINDOWS\System32\combase.dll
[0610/212007.368:ERROR:process_memory_win.cc(73)] ReadMemory at 0x7ff9f9af0000 of 64 bytes failed: Only part of a ReadProcessMemory or WriteProcessMemory request was completed. (0x12B)
[0610/212007.368:WARNING:pe_image_reader.cc(340)] could not read dos header from C:\WINDOWS\System32\WINTRUST.dll
[0610/212007.368:ERROR:process_memory_win.cc(73)] ReadMemory at 0x7ff9f9b50000 of 64 bytes failed: Only part of a ReadProcessMemory or WriteProcessMemory request was completed. (0x12B)
[0610/212007.368:WARNING:pe_image_reader.cc(340)] could not read dos header from C:\WINDOWS\System32\CRYPT32.dll
[0610/212007.368:ERROR:process_memory_win.cc(73)] ReadMemory at 0x7ff9f8f10000 of 64 bytes failed: Only part of a ReadProcessMemory or WriteProcessMemory request was completed. (0x12B)
[0610/212007.368:WARNING:pe_image_reader.cc(340)] could not read dos header from C:\WINDOWS\SYSTEM32\IPHLPAPI.DLL
[0610/212007.368:ERROR:process_memory_win.cc(73)] ReadMemory at 0x7ff9f14f0000 of 64 bytes failed: Only part of a ReadProcessMemory or WriteProcessMemory request was completed. (0x12B)
[0610/212007.368:WARNING:pe_image_reader.cc(340)] could not read dos header from C:\WINDOWS\SYSTEM32\WINMM.dll
[0610/212007.368:ERROR:process_memory_win.cc(73)] ReadMemory at 0x7ff9e2e30000 of 64 bytes failed: Only part of a ReadProcessMemory or WriteProcessMemory request was completed. (0x12B)
[0610/212007.368:WARNING:pe_image_reader.cc(340)] could not read dos header from C:\WINDOWS\SYSTEM32\Secur32.dll
[0610/212007.368:ERROR:process_memory_win.cc(73)] ReadMemory at 0x7ff9f99c0000 of 64 bytes failed: Only part of a ReadProcessMemory or WriteProcessMemory request was completed. (0x12B)
[0610/212007.368:WARNING:pe_image_reader.cc(340)] could not read dos header from C:\WINDOWS\SYSTEM32\USERENV.dll
[0610/212007.371:ERROR:process_memory_win.cc(73)] ReadMemory at 0x7ff9cb070000 of 64 bytes failed: Only part of a ReadProcessMemory or WriteProcessMemory request was completed. (0x12B)
[0610/212007.371:WARNING:pe_image_reader.cc(340)] could not read dos header from C:\WINDOWS\SYSTEM32\UIAutomationCore.DLL
[0610/212007.371:ERROR:process_memory_win.cc(73)] ReadMemory at 0x7ff9f3170000 of 64 bytes failed: Only part of a ReadProcessMemory or WriteProcessMemory request was completed. (0x12B)
[0610/212007.371:WARNING:pe_image_reader.cc(340)] could not read dos header from C:\WINDOWS\SYSTEM32\WINHTTP.dll
[0610/212007.371:ERROR:process_memory_win.cc(73)] ReadMemory at 0x7ff9e9700000 of 64 bytes failed: Only part of a ReadProcessMemory or WriteProcessMemory request was completed. (0x12B)
[0610/212007.371:WARNING:pe_image_reader.cc(340)] could not read dos header from C:\WINDOWS\SYSTEM32\DWrite.dll
[0610/212007.371:ERROR:process_memory_win.cc(73)] ReadMemory at 0x7ff9f01d0000 of 64 bytes failed: Only part of a ReadProcessMemory or WriteProcessMemory request was completed. (0x12B)
[0610/212007.371:WARNING:pe_image_reader.cc(340)] could not read dos header from C:\WINDOWS\SYSTEM32\WINSPOOL.DRV
[0610/212007.371:ERROR:process_memory_win.cc(73)] ReadMemory at 0x7ff9e2e40000 of 64 bytes failed: Only part of a ReadProcessMemory or WriteProcessMemory request was completed. (0x12B)
[0610/212007.371:WARNING:pe_image_reader.cc(340)] could not read dos header from C:\WINDOWS\SYSTEM32\dbghelp.dll
[0610/212007.371:ERROR:process_memory_win.cc(73)] ReadMemory at 0x7ff9f1840000 of 64 bytes failed: Only part of a ReadProcessMemory or WriteProcessMemory request was completed. (0x12B)
[0610/212007.371:WARNING:pe_image_reader.cc(340)] could not read dos header from C:\WINDOWS\SYSTEM32\dhcpcsvc.DLL
[0610/212007.371:ERROR:process_memory_win.cc(73)] ReadMemory at 0x7ff9f99f0000 of 64 bytes failed: Only part of a ReadProcessMemory or WriteProcessMemory request was completed. (0x12B)
[0610/212007.371:WARNING:pe_image_reader.cc(340)] could not read dos header from C:\WINDOWS\SYSTEM32\SSPICLI.DLL
[0610/212007.371:ERROR:process_memory_win.cc(73)] ReadMemory at 0x7ff9f9860000 of 64 bytes failed: Only part of a ReadProcessMemory or WriteProcessMemory request was completed. (0x12B)
[0610/212007.371:WARNING:pe_image_reader.cc(340)] could not read dos header from C:\WINDOWS\System32\MSASN1.dll
[0610/212007.371:ERROR:process_memory_win.cc(73)] ReadMemory at 0x7ff9f9ce0000 of 64 bytes failed: Only part of a ReadProcessMemory or WriteProcessMemory request was completed. (0x12B)
[0610/212007.371:WARNING:pe_image_reader.cc(340)] could not read dos header from C:\WINDOWS\System32\bcryptPrimitives.dll
[0610/212007.371:ERROR:process_memory_win.cc(73)] ReadMemory at 0x7ff9f9400000 of 64 bytes failed: Only part of a ReadProcessMemory or WriteProcessMemory request was completed. (0x12B)
[0610/212007.371:WARNING:pe_image_reader.cc(340)] could not read dos header from C:\WINDOWS\SYSTEM32\CRYPTBASE.DLL
[0610/212007.371:ERROR:process_memory_win.cc(73)] ReadMemory at 0x7ff9f9a30000 of 64 bytes failed: Only part of a ReadProcessMemory or WriteProcessMemory request was completed. (0x12B)
[0610/212007.371:WARNING:pe_image_reader.cc(340)] could not read dos header from C:\WINDOWS\System32\profapi.dll
[0610/212007.379:ERROR:process_memory_win.cc(73)] ReadMemory at 0x7ff647cb0000 of 64 bytes failed: Only part of a ReadProcessMemory or WriteProcessMemory request was completed. (0x12B)
[0610/212007.379:WARNING:pe_image_reader.cc(340)] could not read dos header from C:\Program Files (x86)\Microsoft\Edge\Application\msedge.exe
[0610/212007.379:ERROR:process_memory_win.cc(73)] ReadMemory at 0x7ff9fa150000 of 64 bytes failed: Only part of a ReadProcessMemory or WriteProcessMemory request was completed. (0x12B)
[0610/212007.379:WARNING:pe_image_reader.cc(340)] could not read dos header from C:\WINDOWS\System32\KERNELBASE.dll
[0610/212007.379:ERROR:process_memory_win.cc(73)] ReadMemory at 0x7ff9f7530000 of 64 bytes failed: Only part of a ReadProcessMemory or WriteProcessMemory request was completed. (0x12B)
[0610/212007.379:WARNING:pe_image_reader.cc(340)] could not read dos header from C:\WINDOWS\SYSTEM32\apphelp.dll
[0610/212007.379:ERROR:process_memory_win.cc(73)] ReadMemory at 0x7ff9bb580000 of 64 bytes failed: Only part of a ReadProcessMemory or WriteProcessMemory request was completed. (0x12B)
[0610/212007.379:WARNING:pe_image_reader.cc(340)] could not read dos header from C:\Program Files (x86)\Microsoft\Edge\Application\83.0.478.45\msedge_elf.dll
[0610/212007.379:ERROR:process_memory_win.cc(73)] ReadMemory at 0x7ff9fb800000 of 64 bytes failed: Only part of a ReadProcessMemory or WriteProcessMemory request was completed. (0x12B)
[0610/212007.379:WARNING:pe_image_reader.cc(340)] could not read dos header from C:\WINDOWS\System32\msvcrt.dll
[0610/212007.379:ERROR:process_memory_win.cc(73)] ReadMemory at 0x7ff9fa430000 of 64 bytes failed: Only part of a ReadProcessMemory or WriteProcessMemory request was completed. (0x12B)
[0610/212007.379:WARNING:pe_image_reader.cc(340)] could not read dos header from C:\WINDOWS\System32\sechost.dll
[0610/212007.379:ERROR:process_memory_win.cc(73)] ReadMemory at 0x7ff9881f0000 of 64 bytes failed: Only part of a ReadProcessMemory or WriteProcessMemory request was completed. (0x12B)
[0610/212007.379:WARNING:pe_image_reader.cc(340)] could not read dos header from C:\Program Files (x86)\Microsoft\Edge\Application\83.0.478.45\msedge.dll
[0610/212007.379:ERROR:process_memory_win.cc(73)] ReadMemory at 0x7ff9fb620000 of 64 bytes failed: Only part of a ReadProcessMemory or WriteProcessMemory request was completed. (0x12B)
[0610/212007.379:WARNING:pe_image_reader.cc(340)] could not read dos header from C:\WINDOWS\System32\OLEAUT32.dll
[0610/212007.382:ERROR:process_memory_win.cc(73)] ReadMemory at 0x7ff9f9e70000 of 64 bytes failed: Only part of a ReadProcessMemory or WriteProcessMemory request was completed. (0x12B)
[0610/212007.382:WARNING:pe_image_reader.cc(340)] could not read dos header from C:\WINDOWS\System32\msvcp_win.dll
[0610/212007.382:ERROR:process_memory_win.cc(73)] ReadMemory at 0x7ff9f9d60000 of 64 bytes failed: Only part of a ReadProcessMemory or WriteProcessMemory request was completed. (0x12B)
[0610/212007.382:WARNING:pe_image_reader.cc(340)] could not read dos header from C:\WINDOWS\System32\ucrtbase.dll
[0610/212007.382:ERROR:process_memory_win.cc(73)] ReadMemory at 0x7ff9faab0000 of 64 bytes failed: Only part of a ReadProcessMemory or WriteProcessMemory request was completed. (0x12B)
[0610/212007.382:WARNING:pe_image_reader.cc(340)] could not read dos header from C:\WINDOWS\System32\combase.dll
[0610/212007.382:ERROR:process_memory_win.cc(73)] ReadMemory at 0x7ff9f9af0000 of 64 bytes failed: Only part of a ReadProcessMemory or WriteProcessMemory request was completed. (0x12B)
[0610/212007.382:WARNING:pe_image_reader.cc(340)] could not read dos header from C:\WINDOWS\System32\WINTRUST.dll
[0610/212007.382:ERROR:process_memory_win.cc(73)] ReadMemory at 0x7ff9f9b50000 of 64 bytes failed: Only part of a ReadProcessMemory or WriteProcessMemory request was completed. (0x12B)
[0610/212007.382:WARNING:pe_image_reader.cc(340)] could not read dos header from C:\WINDOWS\System32\CRYPT32.dll
[0610/212007.382:ERROR:process_memory_win.cc(73)] ReadMemory at 0x7ff9f8f10000 of 64 bytes failed: Only part of a ReadProcessMemory or WriteProcessMemory request was completed. (0x12B)
[0610/212007.382:WARNING:pe_image_reader.cc(340)] could not read dos header from C:\WINDOWS\SYSTEM32\IPHLPAPI.DLL
[0610/212007.382:ERROR:process_memory_win.cc(73)] ReadMemory at 0x7ff9f14f0000 of 64 bytes failed: Only part of a ReadProcessMemory or WriteProcessMemory request was completed. (0x12B)
[0610/212007.382:WARNING:pe_image_reader.cc(340)] could not read dos header from C:\WINDOWS\SYSTEM32\WINMM.dll
[0610/212007.382:ERROR:process_memory_win.cc(73)] ReadMemory at 0x7ff9e2e30000 of 64 bytes failed: Only part of a ReadProcessMemory or WriteProcessMemory request was completed. (0x12B)
[0610/212007.382:WARNING:pe_image_reader.cc(340)] could not read dos header from C:\WINDOWS\SYSTEM32\Secur32.dll
[0610/212007.382:ERROR:process_memory_win.cc(73)] ReadMemory at 0x7ff9f99c0000 of 64 bytes failed: Only part of a ReadProcessMemory or WriteProcessMemory request was completed. (0x12B)
[0610/212007.387:WARNING:pe_image_reader.cc(340)] could not read dos header from C:\WINDOWS\SYSTEM32\USERENV.dll
[0610/212007.387:ERROR:process_memory_win.cc(73)] ReadMemory at 0x7ff9cb070000 of 64 bytes failed: Only part of a ReadProcessMemory or WriteProcessMemory request was completed. (0x12B)
[0610/212007.387:WARNING:pe_image_reader.cc(340)] could not read dos header from C:\WINDOWS\SYSTEM32\UIAutomationCore.DLL
[0610/212007.387:ERROR:process_memory_win.cc(73)] ReadMemory at 0x7ff9f3170000 of 64 bytes failed: Only part of a ReadProcessMemory or WriteProcessMemory request was completed. (0x12B)
[0610/212007.389:WARNING:pe_image_reader.cc(340)] could not read dos header from C:\WINDOWS\SYSTEM32\WINHTTP.dll
[0610/212007.389:ERROR:process_memory_win.cc(73)] ReadMemory at 0x7ff9e9700000 of 64 bytes failed: Only part of a ReadProcessMemory or WriteProcessMemory request was completed. (0x12B)
[0610/212007.389:WARNING:pe_image_reader.cc(340)] could not read dos header from C:\WINDOWS\SYSTEM32\DWrite.dll
[0610/212007.389:ERROR:process_memory_win.cc(73)] ReadMemory at 0x7ff9f01d0000 of 64 bytes failed: Only part of a ReadProcessMemory or WriteProcessMemory request was completed. (0x12B)
[0610/212007.389:WARNING:pe_image_reader.cc(340)] could not read dos header from C:\WINDOWS\SYSTEM32\WINSPOOL.DRV
[0610/212007.389:ERROR:process_memory_win.cc(73)] ReadMemory at 0x7ff9e2e40000 of 64 bytes failed: Only part of a ReadProcessMemory or WriteProcessMemory request was completed. (0x12B)
[0610/212007.389:WARNING:pe_image_reader.cc(340)] could not read dos header from C:\WINDOWS\SYSTEM32\dbghelp.dll
[0610/212007.389:ERROR:process_memory_win.cc(73)] ReadMemory at 0x7ff9f1840000 of 64 bytes failed: Only part of a ReadProcessMemory or WriteProcessMemory request was completed. (0x12B)
[0610/212007.389:WARNING:pe_image_reader.cc(340)] could not read dos header from C:\WINDOWS\SYSTEM32\dhcpcsvc.DLL
[0610/212007.389:ERROR:process_memory_win.cc(73)] ReadMemory at 0x7ff9f99f0000 of 64 bytes failed: Only part of a ReadProcessMemory or WriteProcessMemory request was completed. (0x12B)
[0610/212007.389:WARNING:pe_image_reader.cc(340)] could not read dos header from C:\WINDOWS\SYSTEM32\SSPICLI.DLL
[0610/212007.389:ERROR:process_memory_win.cc(73)] ReadMemory at 0x7ff9f9860000 of 64 bytes failed: Only part of a ReadProcessMemory or WriteProcessMemory request was completed. (0x12B)
[0610/212007.389:WARNING:pe_image_reader.cc(340)] could not read dos header from C:\WINDOWS\System32\MSASN1.dll
[0610/212007.389:ERROR:process_memory_win.cc(73)] ReadMemory at 0x7ff9f9ce0000 of 64 bytes failed: Only part of a ReadProcessMemory or WriteProcessMemory request was completed. (0x12B)
[0610/212007.389:WARNING:pe_image_reader.cc(340)] could not read dos header from C:\WINDOWS\System32\bcryptPrimitives.dll
[0610/212007.389:ERROR:process_memory_win.cc(73)] ReadMemory at 0x7ff9f9400000 of 64 bytes failed: Only part of a ReadProcessMemory or WriteProcessMemory request was completed. (0x12B)
[0610/212007.389:WARNING:pe_image_reader.cc(340)] could not read dos header from C:\WINDOWS\SYSTEM32\CRYPTBASE.DLL
[0610/212007.389:ERROR:process_memory_win.cc(73)] ReadMemory at 0x7ff9f9a30000 of 64 bytes failed: Only part of a ReadProcessMemory or WriteProcessMemory request was completed. (0x12B)
[0610/212007.389:WARNING:pe_image_reader.cc(340)] could not read dos header from C:\WINDOWS\System32\profapi.dll
[0610/212007.392:ERROR:process_memory_win.cc(73)] ReadMemory at 0x7ff647cb0000 of 64 bytes failed: Only part of a ReadProcessMemory or WriteProcessMemory request was completed. (0x12B)
[0610/212007.392:WARNING:pe_image_reader.cc(340)] could not read dos header from C:\Program Files (x86)\Microsoft\Edge\Application\msedge.exe
[0610/212007.392:ERROR:process_memory_win.cc(73)] ReadMemory at 0x7ff9fa150000 of 64 bytes failed: Only part of a ReadProcessMemory or WriteProcessMemory request was completed. (0x12B)
[0610/212007.392:WARNING:pe_image_reader.cc(340)] could not read dos header from C:\WINDOWS\System32\KERNELBASE.dll
[0610/212007.392:ERROR:process_memory_win.cc(73)] ReadMemory at 0x7ff9f7530000 of 64 bytes failed: Only part of a ReadProcessMemory or WriteProcessMemory request was completed. (0x12B)
[0610/212007.392:WARNING:pe_image_reader.cc(340)] could not read dos header from C:\WINDOWS\SYSTEM32\apphelp.dll
[0610/212007.392:ERROR:process_memory_win.cc(73)] ReadMemory at 0x7ff9bb580000 of 64 bytes failed: Only part of a ReadProcessMemory or WriteProcessMemory request was completed. (0x12B)
[0610/212007.392:WARNING:pe_image_reader.cc(340)] could not read dos header from C:\Program Files (x86)\Microsoft\Edge\Application\83.0.478.45\msedge_elf.dll
[0610/212007.392:ERROR:process_memory_win.cc(73)] ReadMemory at 0x7ff9fb800000 of 64 bytes failed: Only part of a ReadProcessMemory or WriteProcessMemory request was completed. (0x12B)
[0610/212007.392:WARNING:pe_image_reader.cc(340)] could not read dos header from C:\WINDOWS\System32\msvcrt.dll
[0610/212007.392:ERROR:process_memory_win.cc(73)] ReadMemory at 0x7ff9fa430000 of 64 bytes failed: Only part of a ReadProcessMemory or WriteProcessMemory request was completed. (0x12B)
[0610/212007.392:WARNING:pe_image_reader.cc(340)] could not read dos header from C:\WINDOWS\System32\sechost.dll
[0610/212007.392:ERROR:process_memory_win.cc(73)] ReadMemory at 0x7ff9881f0000 of 64 bytes failed: Only part of a ReadProcessMemory or WriteProcessMemory request was completed. (0x12B)
[0610/212007.392:WARNING:pe_image_reader.cc(340)] could not read dos header from C:\Program Files (x86)\Microsoft\Edge\Application\83.0.478.45\msedge.dll
[0610/212007.392:ERROR:process_memory_win.cc(73)] ReadMemory at 0x7ff9fb620000 of 64 bytes failed: Only part of a ReadProcessMemory or WriteProcessMemory request was completed. (0x12B)
[0610/212007.392:WARNING:pe_image_reader.cc(340)] could not read dos header from C:\WINDOWS\System32\OLEAUT32.dll
[0610/212007.392:ERROR:process_memory_win.cc(73)] ReadMemory at 0x7ff9f9e70000 of 64 bytes failed: Only part of a ReadProcessMemory or WriteProcessMemory request was completed. (0x12B)
[0610/212007.392:WARNING:pe_image_reader.cc(340)] could not read dos header from C:\WINDOWS\System32\msvcp_win.dll
[0610/212007.392:ERROR:process_memory_win.cc(73)] ReadMemory at 0x7ff9f9d60000 of 64 bytes failed: Only part of a ReadProcessMemory or WriteProcessMemory request was completed. (0x12B)
[0610/212007.392:WARNING:pe_image_reader.cc(340)] could not read dos header from C:\WINDOWS\System32\ucrtbase.dll
[0610/212007.392:ERROR:process_memory_win.cc(73)] ReadMemory at 0x7ff9faab0000 of 64 bytes failed: Only part of a ReadProcessMemory or WriteProcessMemory request was completed. (0x12B)
[0610/212007.392:WARNING:pe_image_reader.cc(340)] could not read dos header from C:\WINDOWS\System32\combase.dll
[0610/212007.392:ERROR:process_memory_win.cc(73)] ReadMemory at 0x7ff9f9af0000 of 64 bytes failed: Only part of a ReadProcessMemory or WriteProcessMemory request was completed. (0x12B)
[0610/212007.392:WARNING:pe_image_reader.cc(340)] could not read dos header from C:\WINDOWS\System32\WINTRUST.dll
[0610/212007.392:ERROR:process_memory_win.cc(73)] ReadMemory at 0x7ff9f9b50000 of 64 bytes failed: Only part of a ReadProcessMemory or WriteProcessMemory request was completed. (0x12B)
[0610/212007.392:WARNING:pe_image_reader.cc(340)] could not read dos header from C:\WINDOWS\System32\CRYPT32.dll
[0610/212007.392:ERROR:process_memory_win.cc(73)] ReadMemory at 0x7ff9f8f10000 of 64 bytes failed: Only part of a ReadProcessMemory or WriteProcessMemory request was completed. (0x12B)
[0610/212007.392:WARNING:pe_image_reader.cc(340)] could not read dos header from C:\WINDOWS\SYSTEM32\IPHLPAPI.DLL
[0610/212007.392:ERROR:process_memory_win.cc(73)] ReadMemory at 0x7ff9f14f0000 of 64 bytes failed: Only part of a ReadProcessMemory or WriteProcessMemory request was completed. (0x12B)
[0610/212007.392:WARNING:pe_image_reader.cc(340)] could not read dos header from C:\WINDOWS\SYSTEM32\WINMM.dll
[0610/212007.392:ERROR:process_memory_win.cc(73)] ReadMemory at 0x7ff9e2e30000 of 64 bytes failed: Only part of a ReadProcessMemory or WriteProcessMemory request was completed. (0x12B)
[0610/212007.392:WARNING:pe_image_reader.cc(340)] could not read dos header from C:\WINDOWS\SYSTEM32\Secur32.dll
[0610/212007.392:ERROR:process_memory_win.cc(73)] ReadMemory at 0x7ff9f99c0000 of 64 bytes failed: Only part of a ReadProcessMemory or WriteProcessMemory request was completed. (0x12B)
[0610/212007.392:WARNING:pe_image_reader.cc(340)] could not read dos header from C:\WINDOWS\SYSTEM32\USERENV.dll
[0610/212007.392:ERROR:process_memory_win.cc(73)] ReadMemory at 0x7ff9cb070000 of 64 bytes failed: Only part of a ReadProcessMemory or WriteProcessMemory request was completed. (0x12B)
[0610/212007.392:WARNING:pe_image_reader.cc(340)] could not read dos header from C:\WINDOWS\SYSTEM32\UIAutomationCore.DLL
[0610/212007.392:ERROR:process_memory_win.cc(73)] ReadMemory at 0x7ff9f3170000 of 64 bytes failed: Only part of a ReadProcessMemory or WriteProcessMemory request was completed. (0x12B)
[0610/212007.392:WARNING:pe_image_reader.cc(340)] could not read dos header from C:\WINDOWS\SYSTEM32\WINHTTP.dll
[0610/212007.392:ERROR:process_memory_win.cc(73)] ReadMemory at 0x7ff9e9700000 of 64 bytes failed: Only part of a ReadProcessMemory or WriteProcessMemory request was completed. (0x12B)
[0610/212007.392:WARNING:pe_image_reader.cc(340)] could not read dos header from C:\WINDOWS\SYSTEM32\DWrite.dll
[0610/212007.392:ERROR:process_memory_win.cc(73)] ReadMemory at 0x7ff9f01d0000 of 64 bytes failed: Only part of a ReadProcessMemory or WriteProcessMemory request was completed. (0x12B)
[0610/212007.392:WARNING:pe_image_reader.cc(340)] could not read dos header from C:\WINDOWS\SYSTEM32\WINSPOOL.DRV
[0610/212007.392:ERROR:process_memory_win.cc(73)] ReadMemory at 0x7ff9e2e40000 of 64 bytes failed: Only part of a ReadProcessMemory or WriteProcessMemory request was completed. (0x12B)
[0610/212007.392:WARNING:pe_image_reader.cc(340)] could not read dos header from C:\WINDOWS\SYSTEM32\dbghelp.dll
[0610/212007.392:ERROR:process_memory_win.cc(73)] ReadMemory at 0x7ff9f1840000 of 64 bytes failed: Only part of a ReadProcessMemory or WriteProcessMemory request was completed. (0x12B)
[0610/212007.392:WARNING:pe_image_reader.cc(340)] could not read dos header from C:\WINDOWS\SYSTEM32\dhcpcsvc.DLL
[0610/212007.392:ERROR:process_memory_win.cc(73)] ReadMemory at 0x7ff9f99f0000 of 64 bytes failed: Only part of a ReadProcessMemory or WriteProcessMemory request was completed. (0x12B)
[0610/212007.392:WARNING:pe_image_reader.cc(340)] could not read dos header from C:\WINDOWS\SYSTEM32\SSPICLI.DLL
[0610/212007.392:ERROR:process_memory_win.cc(73)] ReadMemory at 0x7ff9f9860000 of 64 bytes failed: Only part of a ReadProcessMemory or WriteProcessMemory request was completed. (0x12B)
[0610/212007.392:WARNING:pe_image_reader.cc(340)] could not read dos header from C:\WINDOWS\System32\MSASN1.dll
[0610/212007.392:ERROR:process_memory_win.cc(73)] ReadMemory at 0x7ff9f9ce0000 of 64 bytes failed: Only part of a ReadProcessMemory or WriteProcessMemory request was completed. (0x12B)
[0610/212007.392:WARNING:pe_image_reader.cc(340)] could not read dos header from C:\WINDOWS\System32\bcryptPrimitives.dll
[0610/212007.392:ERROR:process_memory_win.cc(73)] ReadMemory at 0x7ff9f9400000 of 64 bytes failed: Only part of a ReadProcessMemory or WriteProcessMemory request was completed. (0x12B)
[0610/212007.392:WARNING:pe_image_reader.cc(340)] could not read dos header from C:\WINDOWS\SYSTEM32\CRYPTBASE.DLL
[0610/212007.392:ERROR:process_memory_win.cc(73)] ReadMemory at 0x7ff9f9a30000 of 64 bytes failed: Only part of a ReadProcessMemory or WriteProcessMemory request was completed. (0x12B)
[0610/212007.392:WARNING:pe_image_reader.cc(340)] could not read dos header from C:\WINDOWS\System32\profapi.dll
[0610/212007.407:ERROR:process_memory_win.cc(73)] ReadMemory at 0x18047e05040 of 72 bytes failed: Only part of a ReadProcessMemory or WriteProcessMemory request was completed. (0x12B)
[0610/212007.407:WARNING:pe_image_annotations_reader.cc(134)] could not read annotations list object in C:\Program Files (x86)\Microsoft\Edge\Application\83.0.478.45\msedge_elf.dll
[0610/212007.407:ERROR:process_memory_win.cc(73)] ReadMemory at 0x180485160f0 of 72 bytes failed: Only part of a ReadProcessMemory or WriteProcessMemory request was completed. (0x12B)
[0610/212007.407:WARNING:pe_image_annotations_reader.cc(134)] could not read annotations list object in C:\Program Files (x86)\Microsoft\Edge\Application\83.0.478.45\msedge.dll
[0610/212007.417:ERROR:process_memory_win.cc(73)] ReadMemory at 0x7490852000 of 852 bytes failed: Only part of a ReadProcessMemory or WriteProcessMemory request was completed. (0x12B)
[0610/212007.417:ERROR:process_memory_win.cc(73)] ReadMemory at 0x178f6a202c0 of 40 bytes failed: Only part of a ReadProcessMemory or WriteProcessMemory request was completed. (0x12B)
[0610/212007.417:ERROR:process_memory_win.cc(73)] ReadMemory at 0x178f6bf02c0 of 40 bytes failed: Only part of a ReadProcessMemory or WriteProcessMemory request was completed. (0x12B)
[0610/212007.417:ERROR:process_memory_win.cc(73)] ReadMemory at 0x178f6c02900 of 6154 bytes failed: Only part of a ReadProcessMemory or WriteProcessMemory request was completed. (0x12B)
[0610/212007.417:ERROR:process_memory_win.cc(73)] ReadMemory at 0x178f6c04230 of 1012 bytes failed: Only part of a ReadProcessMemory or WriteProcessMemory request was completed. (0x12B)
[0610/212007.417:ERROR:process_memory_win.cc(73)] ReadMemory at 0x178f6c04878 of 120 bytes failed: Only part of a ReadProcessMemory or WriteProcessMemory request was completed. (0x12B)
[0610/212007.419:ERROR:process_memory_win.cc(73)] ReadMemory at 0x178f6c048f2 of 838 bytes failed: Only part of a ReadProcessMemory or WriteProcessMemory request was completed. (0x12B)
[0610/212007.419:ERROR:process_memory_win.cc(73)] ReadMemory at 0x178f6c04c3a of 120 bytes failed: Only part of a ReadProcessMemory or WriteProcessMemory request was completed. (0x12B)
[0610/212007.419:ERROR:process_memory_win.cc(73)] ReadMemory at 0x178f6c04cb4 of 96 bytes failed: Only part of a ReadProcessMemory or WriteProcessMemory request was completed. (0x12B)
[0610/212007.419:ERROR:process_memory_win.cc(73)] ReadMemory at 0x178f6c04d30 of 58 bytes failed: Only part of a ReadProcessMemory or WriteProcessMemory request was completed. (0x12B)
[0610/212007.419:ERROR:process_memory_win.cc(73)] ReadMemory at 0x178f6c04e00 of 132 bytes failed: Only part of a ReadProcessMemory or WriteProcessMemory request was completed. (0x12B)
[0610/212007.419:ERROR:process_memory_win.cc(73)] ReadMemory at 0x178f6c04f90 of 132 bytes failed: Only part of a ReadProcessMemory or WriteProcessMemory request was completed. (0x12B)
[0610/212007.419:ERROR:process_memory_win.cc(73)] ReadMemory at 0x18047e05040 of 72 bytes failed: Only part of a ReadProcessMemory or WriteProcessMemory request was completed. (0x12B)
[0610/212007.419:WARNING:pe_image_annotations_reader.cc(134)] could not read annotations list object in C:\Program Files (x86)\Microsoft\Edge\Application\83.0.478.45\msedge_elf.dll
[0610/212007.419:ERROR:process_memory_win.cc(73)] ReadMemory at 0x178f6c05530 of 132 bytes failed: Only part of a ReadProcessMemory or WriteProcessMemory request was completed. (0x12B)
[0610/212007.419:ERROR:process_memory_win.cc(73)] ReadMemory at 0x178f6c056c0 of 64 bytes failed: Only part of a ReadProcessMemory or WriteProcessMemory request was completed. (0x12B)
[0610/212007.422:ERROR:process_memory_win.cc(73)] ReadMemory at 0x178f6c05830 of 132 bytes failed: Only part of a ReadProcessMemory or WriteProcessMemory request was completed. (0x12B)
[0610/212007.422:ERROR:process_memory_win.cc(73)] ReadMemory at 0x180485160f0 of 72 bytes failed: Only part of a ReadProcessMemory or WriteProcessMemory request was completed. (0x12B)
[0610/212007.422:WARNING:pe_image_annotations_reader.cc(134)] could not read annotations list object in C:\Program Files (x86)\Microsoft\Edge\Application\83.0.478.45\msedge.dll
[0610/212007.422:ERROR:process_memory_win.cc(73)] ReadMemory at 0x178f6c059c0 of 62 bytes failed: Only part of a ReadProcessMemory or WriteProcessMemory request was completed. (0x12B)
[0610/212007.422:ERROR:process_memory_win.cc(73)] ReadMemory at 0x178f6c05b60 of 132 bytes failed: Only part of a ReadProcessMemory or WriteProcessMemory request was completed. (0x12B)
[0610/212007.422:ERROR:process_memory_win.cc(73)] ReadMemory at 0x178f6c05cf0 of 68 bytes failed: Only part of a ReadProcessMemory or WriteProcessMemory request was completed. (0x12B)
[0610/212007.422:ERROR:process_memory_win.cc(73)] ReadMemory at 0x178f6c10870 of 144 bytes failed: Only part of a ReadProcessMemory or WriteProcessMemory request was completed. (0x12B)
[0610/212007.422:ERROR:process_memory_win.cc(73)] ReadMemory at 0x178f6c109e0 of 132 bytes failed: Only part of a ReadProcessMemory or WriteProcessMemory request was completed. (0x12B)
[0610/212007.422:ERROR:process_memory_win.cc(73)] ReadMemory at 0x178f6c10b10 of 152 bytes failed: Only part of a ReadProcessMemory or WriteProcessMemory request was completed. (0x12B)
[0610/212007.422:ERROR:process_memory_win.cc(73)] ReadMemory at 0x178f6c16320 of 64 bytes failed: Only part of a ReadProcessMemory or WriteProcessMemory request was completed. (0x12B)
[0610/212007.422:ERROR:process_memory_win.cc(73)] ReadMemory at 0x178f6c16370 of 66 bytes failed: Only part of a ReadProcessMemory or WriteProcessMemory request was completed. (0x12B)
[0610/212007.422:ERROR:process_memory_win.cc(73)] ReadMemory at 0x178f6c16460 of 64 bytes failed: Only part of a ReadProcessMemory or WriteProcessMemory request was completed. (0x12B)
[0610/212007.422:ERROR:process_memory_win.cc(73)] ReadMemory at 0x178f6c164b0 of 64 bytes failed: Only part of a ReadProcessMemory or WriteProcessMemory request was completed. (0x12B)
[0610/212007.422:ERROR:process_memory_win.cc(73)] ReadMemory at 0x18047e05040 of 72 bytes failed: Only part of a ReadProcessMemory or WriteProcessMemory request was completed. (0x12B)
[0610/212007.422:ERROR:process_memory_win.cc(73)] ReadMemory at 0x178f6c16af0 of 64 bytes failed: Only part of a ReadProcessMemory or WriteProcessMemory request was completed. (0x12B)
[0610/212007.422:WARNING:pe_image_annotations_reader.cc(134)] could not read annotations list object in C:\Program Files (x86)\Microsoft\Edge\Application\83.0.478.45\msedge_elf.dll
[0610/212007.422:ERROR:process_memory_win.cc(73)] ReadMemory at 0x178f6c16c30 of 64 bytes failed: Only part of a ReadProcessMemory or WriteProcessMemory request was completed. (0x12B)
[0610/212007.422:ERROR:process_memory_win.cc(73)] ReadMemory at 0x178f6c16e60 of 64 bytes failed: Only part of a ReadProcessMemory or WriteProcessMemory request was completed. (0x12B)
[0610/212007.422:ERROR:process_memory_win.cc(73)] ReadMemory at 0x178f6c19040 of 132 bytes failed: Only part of a ReadProcessMemory or WriteProcessMemory request was completed. (0x12B)
[0610/212007.422:ERROR:process_memory_win.cc(73)] ReadMemory at 0x180485160f0 of 72 bytes failed: Only part of a ReadProcessMemory or WriteProcessMemory request was completed. (0x12B)
[0610/212007.422:WARNING:pe_image_annotations_reader.cc(134)] could not read annotations list object in C:\Program Files (x86)\Microsoft\Edge\Application\83.0.478.45\msedge.dll
[0610/212007.422:ERROR:process_memory_win.cc(73)] ReadMemory at 0x178f6c19170 of 132 bytes failed: Only part of a ReadProcessMemory or WriteProcessMemory request was completed. (0x12B)
[0610/212007.422:ERROR:process_memory_win.cc(73)] ReadMemory at 0x178f6c19410 of 80 bytes failed: Only part of a ReadProcessMemory or WriteProcessMemory request was completed. (0x12B)
[0610/212007.422:ERROR:process_memory_win.cc(73)] ReadMemory at 0x178f6c19490 of 132 bytes failed: Only part of a ReadProcessMemory or WriteProcessMemory request was completed. (0x12B)
[0610/212007.422:ERROR:process_memory_win.cc(73)] ReadMemory at 0x178f6c19ef0 of 132 bytes failed: Only part of a ReadProcessMemory or WriteProcessMemory request was completed. (0x12B)
[0610/212007.422:ERROR:process_memory_win.cc(73)] ReadMemory at 0x178f6c1a020 of 132 bytes failed: Only part of a ReadProcessMemory or WriteProcessMemory request was completed. (0x12B)
[0610/212007.422:ERROR:process_memory_win.cc(73)] ReadMemory at 0x178f6c1a240 of 132 bytes failed: Only part of a ReadProcessMemory or WriteProcessMemory request was completed. (0x12B)
[0610/212007.422:ERROR:process_memory_win.cc(73)] ReadMemory at 0x178f6c1a5a0 of 132 bytes failed: Only part of a ReadProcessMemory or WriteProcessMemory request was completed. (0x12B)
[0610/212007.422:ERROR:process_memory_win.cc(73)] ReadMemory at 0x178f6c1a8e0 of 132 bytes failed: Only part of a ReadProcessMemory or WriteProcessMemory request was completed. (0x12B)
[0610/212007.422:ERROR:process_memory_win.cc(73)] ReadMemory at 0x178f6c1dd80 of 132 bytes failed: Only part of a ReadProcessMemory or WriteProcessMemory request was completed. (0x12B)
[0610/212007.422:ERROR:process_memory_win.cc(73)] ReadMemory at 0x178f6c1deb0 of 132 bytes failed: Only part of a ReadProcessMemory or WriteProcessMemory request was completed. (0x12B)
[0610/212007.427:ERROR:process_memory_win.cc(73)] ReadMemory at 0x178f6c24f50 of 80 bytes failed: Only part of a ReadProcessMemory or WriteProcessMemory request was completed. (0x12B)
[0610/212007.427:ERROR:process_memory_win.cc(73)] ReadMemory at 0x178f6c25b10 of 124 bytes failed: Only part of a ReadProcessMemory or WriteProcessMemory request was completed. (0x12B)
[0610/212007.427:ERROR:process_memory_win.cc(73)] ReadMemory at 0x178f6c2a390 of 60 bytes failed: Only part of a ReadProcessMemory or WriteProcessMemory request was completed. (0x12B)
[0610/212007.427:ERROR:process_memory_win.cc(73)] ReadMemory at 0x178f6c2a510 of 62 bytes failed: Only part of a ReadProcessMemory or WriteProcessMemory request was completed. (0x12B)
[0610/212007.427:ERROR:process_memory_win.cc(73)] ReadMemory at 0x178f6c2a7d0 of 60 bytes failed: Only part of a ReadProcessMemory or WriteProcessMemory request was completed. (0x12B)
[0610/212007.427:ERROR:process_memory_win.cc(73)] ReadMemory at 0x178f6c2d0d0 of 62 bytes failed: Only part of a ReadProcessMemory or WriteProcessMemory request was completed. (0x12B)
[0610/212007.427:ERROR:process_memory_win.cc(73)] ReadMemory at 0x178f6c2d250 of 62 bytes failed: Only part of a ReadProcessMemory or WriteProcessMemory request was completed. (0x12B)
[0610/212007.427:ERROR:process_memory_win.cc(73)] ReadMemory at 0x178f6c2d2d0 of 62 bytes failed: Only part of a ReadProcessMemory or WriteProcessMemory request was completed. (0x12B)
[0610/212007.427:ERROR:process_memory_win.cc(73)] ReadMemory at 0x178f6c2d310 of 58 bytes failed: Only part of a ReadProcessMemory or WriteProcessMemory request was completed. (0x12B)
[0610/212007.429:ERROR:process_memory_win.cc(73)] ReadMemory at 0x178f6c2d390 of 62 bytes failed: Only part of a ReadProcessMemory or WriteProcessMemory request was completed. (0x12B)
[0610/212007.429:ERROR:process_memory_win.cc(73)] ReadMemory at 0x178f6c2d3d0 of 62 bytes failed: Only part of a ReadProcessMemory or WriteProcessMemory request was completed. (0x12B)
[0610/212007.429:ERROR:process_memory_win.cc(73)] ReadMemory at 0x178f6c2d410 of 60 bytes failed: Only part of a ReadProcessMemory or WriteProcessMemory request was completed. (0x12B)
[0610/212007.429:ERROR:process_memory_win.cc(73)] ReadMemory at 0x178f6c2d510 of 60 bytes failed: Only part of a ReadProcessMemory or WriteProcessMemory request was completed. (0x12B)
[0610/212007.429:ERROR:process_memory_win.cc(73)] ReadMemory at 0x178f6c2d750 of 62 bytes failed: Only part of a ReadProcessMemory or WriteProcessMemory request was completed. (0x12B)
[0610/212007.429:ERROR:process_memory_win.cc(73)] ReadMemory at 0x178f6c2d810 of 62 bytes failed: Only part of a ReadProcessMemory or WriteProcessMemory request was completed. (0x12B)
[0610/212007.429:ERROR:process_memory_win.cc(73)] ReadMemory at 0x178f6c2db10 of 60 bytes failed: Only part of a ReadProcessMemory or WriteProcessMemory request was completed. (0x12B)
[0610/212007.429:ERROR:process_memory_win.cc(73)] ReadMemory at 0x178f6c2e040 of 132 bytes failed: Only part of a ReadProcessMemory or WriteProcessMemory request was completed. (0x12B)
[0610/212007.429:ERROR:process_memory_win.cc(73)] ReadMemory at 0x178f6c2e160 of 132 bytes failed: Only part of a ReadProcessMemory or WriteProcessMemory request was completed. (0x12B)
[0610/212007.432:ERROR:process_memory_win.cc(73)] ReadMemory at 0x178f6c2e3a0 of 132 bytes failed: Only part of a ReadProcessMemory or WriteProcessMemory request was completed. (0x12B)
[0610/212007.432:ERROR:process_memory_win.cc(73)] ReadMemory at 0x178f6c2e4c0 of 132 bytes failed: Only part of a ReadProcessMemory or WriteProcessMemory request was completed. (0x12B)
[0610/212007.432:ERROR:process_memory_win.cc(73)] ReadMemory at 0x178f6c2e5e0 of 132 bytes failed: Only part of a ReadProcessMemory or WriteProcessMemory request was completed. (0x12B)
[0610/212007.432:ERROR:process_memory_win.cc(73)] ReadMemory at 0x178f6c2e700 of 132 bytes failed: Only part of a ReadProcessMemory or WriteProcessMemory request was completed. (0x12B)
[0610/212007.432:ERROR:process_memory_win.cc(73)] ReadMemory at 0x178f6c2e820 of 132 bytes failed: Only part of a ReadProcessMemory or WriteProcessMemory request was completed. (0x12B)
[0610/212007.432:ERROR:process_memory_win.cc(73)] ReadMemory at 0x178f6c2e940 of 132 bytes failed: Only part of a ReadProcessMemory or WriteProcessMemory request was completed. (0x12B)
[0610/212007.432:ERROR:process_memory_win.cc(73)] ReadMemory at 0x178f6c2ea60 of 132 bytes failed: Only part of a ReadProcessMemory or WriteProcessMemory request was completed. (0x12B)
[0610/212007.432:ERROR:process_memory_win.cc(73)] ReadMemory at 0x178f6c2eb80 of 132 bytes failed: Only part of a ReadProcessMemory or WriteProcessMemory request was completed. (0x12B)
[0610/212007.432:ERROR:process_memory_win.cc(73)] ReadMemory at 0x178f6c2eca0 of 132 bytes failed: Only part of a ReadProcessMemory or WriteProcessMemory request was completed. (0x12B)
[0610/212007.432:ERROR:process_memory_win.cc(73)] ReadMemory at 0x178f6c2edc0 of 132 bytes failed: Only part of a ReadProcessMemory or WriteProcessMemory request was completed. (0x12B)
[0610/212007.432:ERROR:process_memory_win.cc(73)] ReadMemory at 0x178f6c2eee0 of 132 bytes failed: Only part of a ReadProcessMemory or WriteProcessMemory request was completed. (0x12B)
[0610/212007.437:ERROR:process_memory_win.cc(73)] ReadMemory at 0x178f6c303c0 of 66 bytes failed: Only part of a ReadProcessMemory or WriteProcessMemory request was completed. (0x12B)
[0610/212007.437:ERROR:process_memory_win.cc(73)] ReadMemory at 0x178f6c30820 of 64 bytes failed: Only part of a ReadProcessMemory or WriteProcessMemory request was completed. (0x12B)
[0610/212007.437:ERROR:process_memory_win.cc(73)] ReadMemory at 0x178f6c323a0 of 132 bytes failed: Only part of a ReadProcessMemory or WriteProcessMemory request was completed. (0x12B)
[0610/212007.437:ERROR:process_memory_win.cc(73)] ReadMemory at 0x178f6c32ca0 of 132 bytes failed: Only part of a ReadProcessMemory or WriteProcessMemory request was completed. (0x12B)
[0610/212007.437:ERROR:process_memory_win.cc(73)] ReadMemory at 0x178f6c32dc0 of 132 bytes failed: Only part of a ReadProcessMemory or WriteProcessMemory request was completed. (0x12B)
[0610/212007.437:ERROR:process_memory_win.cc(73)] ReadMemory at 0x178f6c37540 of 40 bytes failed: Only part of a ReadProcessMemory or WriteProcessMemory request was completed. (0x12B)
[0610/212007.437:ERROR:process_memory_win.cc(73)] ReadMemory at 0x7ff9bb662f40 of 40 bytes failed: Only part of a ReadProcessMemory or WriteProcessMemory request was completed. (0x12B)
[0610/212007.437:ERROR:process_memory_win.cc(73)] ReadMemory at 0x7ff9f9a18d20 of 40 bytes failed: Only part of a ReadProcessMemory or WriteProcessMemory request was completed. (0x12B)
[0610/212007.437:ERROR:process_memory_win.cc(73)] ReadMemory at 0x7ff9fb8935b0 of 176 bytes failed: Only part of a ReadProcessMemory or WriteProcessMemory request was completed. (0x12B)
[0610/212007.447:ERROR:scoped_process_suspend.cc(40)] NtResumeProcess: An attempt was made to access an exiting process. (0xc000010a)
[0610/212007.472:ERROR:process_memory_win.cc(73)] ReadMemory at 0x73d0f6f000 of 852 bytes failed: Only part of a ReadProcessMemory or WriteProcessMemory request was completed. (0x12B)
[0610/212007.472:ERROR:process_memory_win.cc(73)] ReadMemory at 0x180479402c0 of 40 bytes failed: Only part of a ReadProcessMemory or WriteProcessMemory request was completed. (0x12B)
[0610/212007.472:ERROR:process_memory_win.cc(73)] ReadMemory at 0x18047b502c0 of 40 bytes failed: Only part of a ReadProcessMemory or WriteProcessMemory request was completed. (0x12B)
[0610/212007.472:ERROR:process_memory_win.cc(73)] ReadMemory at 0x18047c02900 of 6154 bytes failed: Only part of a ReadProcessMemory or WriteProcessMemory request was completed. (0x12B)
[0610/212007.472:ERROR:process_memory_win.cc(73)] ReadMemory at 0x18047c04230 of 1012 bytes failed: Only part of a ReadProcessMemory or WriteProcessMemory request was completed. (0x12B)
[0610/212007.472:ERROR:process_memory_win.cc(73)] ReadMemory at 0x18047c04878 of 120 bytes failed: Only part of a ReadProcessMemory or WriteProcessMemory request was completed. (0x12B)
[0610/212007.472:ERROR:process_memory_win.cc(73)] ReadMemory at 0x18047c048f2 of 838 bytes failed: Only part of a ReadProcessMemory or WriteProcessMemory request was completed. (0x12B)
[0610/212007.476:ERROR:process_memory_win.cc(73)] ReadMemory at 0x18047c04c3a of 120 bytes failed: Only part of a ReadProcessMemory or WriteProcessMemory request was completed. (0x12B)
[0610/212007.476:ERROR:process_memory_win.cc(73)] ReadMemory at 0x18047c04cb4 of 96 bytes failed: Only part of a ReadProcessMemory or WriteProcessMemory request was completed. (0x12B)
[0610/212007.476:ERROR:process_memory_win.cc(73)] ReadMemory at 0x18047c04d30 of 58 bytes failed: Only part of a ReadProcessMemory or WriteProcessMemory request was completed. (0x12B)
[0610/212007.476:ERROR:process_memory_win.cc(73)] ReadMemory at 0x18047c04e00 of 132 bytes failed: Only part of a ReadProcessMemory or WriteProcessMemory request was completed. (0x12B)
[0610/212007.478:ERROR:process_memory_win.cc(73)] ReadMemory at 0x18047c04f90 of 132 bytes failed: Only part of a ReadProcessMemory or WriteProcessMemory request was completed. (0x12B)
[0610/212007.480:ERROR:process_memory_win.cc(73)] ReadMemory at 0x18047c05530 of 132 bytes failed: Only part of a ReadProcessMemory or WriteProcessMemory request was completed. (0x12B)
[0610/212007.480:ERROR:process_memory_win.cc(73)] ReadMemory at 0x18047c056c0 of 64 bytes failed: Only part of a ReadProcessMemory or WriteProcessMemory request was completed. (0x12B)
[0610/212007.480:ERROR:process_memory_win.cc(73)] ReadMemory at 0x18047c05830 of 132 bytes failed: Only part of a ReadProcessMemory or WriteProcessMemory request was completed. (0x12B)
[0610/212007.480:ERROR:process_memory_win.cc(73)] ReadMemory at 0x18047c059c0 of 62 bytes failed: Only part of a ReadProcessMemory or WriteProcessMemory request was completed. (0x12B)
[0610/212007.480:ERROR:process_memory_win.cc(73)] ReadMemory at 0x18047c05b60 of 132 bytes failed: Only part of a ReadProcessMemory or WriteProcessMemory request was completed. (0x12B)
[0610/212007.482:ERROR:process_memory_win.cc(73)] ReadMemory at 0x18047c05cf0 of 68 bytes failed: Only part of a ReadProcessMemory or WriteProcessMemory request was completed. (0x12B)
[0610/212007.482:ERROR:process_memory_win.cc(73)] ReadMemory at 0x18047c10870 of 144 bytes failed: Only part of a ReadProcessMemory or WriteProcessMemory request was completed. (0x12B)
[0610/212007.482:ERROR:process_memory_win.cc(73)] ReadMemory at 0x18047c109e0 of 132 bytes failed: Only part of a ReadProcessMemory or WriteProcessMemory request was completed. (0x12B)
[0610/212007.482:ERROR:process_memory_win.cc(73)] ReadMemory at 0x18047c10b10 of 152 bytes failed: Only part of a ReadProcessMemory or WriteProcessMemory request was completed. (0x12B)
[0610/212007.482:ERROR:process_memory_win.cc(73)] ReadMemory at 0x18047c165a0 of 66 bytes failed: Only part of a ReadProcessMemory or WriteProcessMemory request was completed. (0x12B)
[0610/212007.482:ERROR:process_memory_win.cc(73)] ReadMemory at 0x18047c16730 of 64 bytes failed: Only part of a ReadProcessMemory or WriteProcessMemory request was completed. (0x12B)
[0610/212007.482:ERROR:process_memory_win.cc(73)] ReadMemory at 0x18047c16820 of 64 bytes failed: Only part of a ReadProcessMemory or WriteProcessMemory request was completed. (0x12B)
[0610/212007.482:ERROR:process_memory_win.cc(73)] ReadMemory at 0x18047c16960 of 64 bytes failed: Only part of a ReadProcessMemory or WriteProcessMemory request was completed. (0x12B)
[0610/212007.482:ERROR:process_memory_win.cc(73)] ReadMemory at 0x18047c16aa0 of 64 bytes failed: Only part of a ReadProcessMemory or WriteProcessMemory request was completed. (0x12B)
[0610/212007.482:ERROR:process_memory_win.cc(73)] ReadMemory at 0x18047c16c80 of 64 bytes failed: Only part of a ReadProcessMemory or WriteProcessMemory request was completed. (0x12B)
[0610/212007.482:ERROR:process_memory_win.cc(73)] ReadMemory at 0x18047c16dc0 of 64 bytes failed: Only part of a ReadProcessMemory or WriteProcessMemory request was completed. (0x12B)
[0610/212007.482:ERROR:process_memory_win.cc(73)] ReadMemory at 0x18047c19040 of 132 bytes failed: Only part of a ReadProcessMemory or WriteProcessMemory request was completed. (0x12B)
[0610/212007.482:ERROR:process_memory_win.cc(73)] ReadMemory at 0x18047c19170 of 132 bytes failed: Only part of a ReadProcessMemory or WriteProcessMemory request was completed. (0x12B)
[0610/212007.482:ERROR:process_memory_win.cc(73)] ReadMemory at 0x18047c19410 of 80 bytes failed: Only part of a ReadProcessMemory or WriteProcessMemory request was completed. (0x12B)
[0610/212007.487:ERROR:process_memory_win.cc(73)] ReadMemory at 0x18047c19490 of 132 bytes failed: Only part of a ReadProcessMemory or WriteProcessMemory request was completed. (0x12B)
[0610/212007.487:ERROR:process_memory_win.cc(73)] ReadMemory at 0x18047c19ef0 of 132 bytes failed: Only part of a ReadProcessMemory or WriteProcessMemory request was completed. (0x12B)
[0610/212007.487:ERROR:process_memory_win.cc(73)] ReadMemory at 0x18047c1a020 of 132 bytes failed: Only part of a ReadProcessMemory or WriteProcessMemory request was completed. (0x12B)
[0610/212007.487:ERROR:process_memory_win.cc(73)] ReadMemory at 0x18047c1a240 of 132 bytes failed: Only part of a ReadProcessMemory or WriteProcessMemory request was completed. (0x12B)
[0610/212007.487:ERROR:process_memory_win.cc(73)] ReadMemory at 0x18047c1a5a0 of 132 bytes failed: Only part of a ReadProcessMemory or WriteProcessMemory request was completed. (0x12B)
[0610/212007.488:ERROR:process_memory_win.cc(73)] ReadMemory at 0x18047c1a8e0 of 132 bytes failed: Only part of a ReadProcessMemory or WriteProcessMemory request was completed. (0x12B)
[0610/212007.488:ERROR:process_memory_win.cc(73)] ReadMemory at 0x18047c1dd80 of 132 bytes failed: Only part of a ReadProcessMemory or WriteProcessMemory request was completed. (0x12B)
[0610/212007.488:ERROR:process_memory_win.cc(73)] ReadMemory at 0x18047c1deb0 of 132 bytes failed: Only part of a ReadProcessMemory or WriteProcessMemory request was completed. (0x12B)
[0610/212007.488:ERROR:process_memory_win.cc(73)] ReadMemory at 0x18047c24f50 of 80 bytes failed: Only part of a ReadProcessMemory or WriteProcessMemory request was completed. (0x12B)
[0610/212007.488:ERROR:process_memory_win.cc(73)] ReadMemory at 0x18047c25b10 of 124 bytes failed: Only part of a ReadProcessMemory or WriteProcessMemory request was completed. (0x12B)
[0610/212007.488:ERROR:process_memory_win.cc(73)] ReadMemory at 0x18047c2a3d0 of 60 bytes failed: Only part of a ReadProcessMemory or WriteProcessMemory request was completed. (0x12B)
[0610/212007.488:ERROR:process_memory_win.cc(73)] ReadMemory at 0x18047c2a4d0 of 62 bytes failed: Only part of a ReadProcessMemory or WriteProcessMemory request was completed. (0x12B)
[0610/212007.490:ERROR:process_memory_win.cc(73)] ReadMemory at 0x18047c2a750 of 60 bytes failed: Only part of a ReadProcessMemory or WriteProcessMemory request was completed. (0x12B)
[0610/212007.492:ERROR:process_memory_win.cc(73)] ReadMemory at 0x18047c2d090 of 62 bytes failed: Only part of a ReadProcessMemory or WriteProcessMemory request was completed. (0x12B)
[0610/212007.492:ERROR:process_memory_win.cc(73)] ReadMemory at 0x18047c2d1d0 of 62 bytes failed: Only part of a ReadProcessMemory or WriteProcessMemory request was completed. (0x12B)
[0610/212007.492:ERROR:process_memory_win.cc(73)] ReadMemory at 0x18047c2d290 of 62 bytes failed: Only part of a ReadProcessMemory or WriteProcessMemory request was completed. (0x12B)
[0610/212007.492:ERROR:process_memory_win.cc(73)] ReadMemory at 0x18047c2d2d0 of 62 bytes failed: Only part of a ReadProcessMemory or WriteProcessMemory request was completed. (0x12B)
[0610/212007.492:ERROR:process_memory_win.cc(73)] ReadMemory at 0x18047c2d590 of 62 bytes failed: Only part of a ReadProcessMemory or WriteProcessMemory request was completed. (0x12B)
[0610/212007.492:ERROR:process_memory_win.cc(73)] ReadMemory at 0x18047c2d5d0 of 62 bytes failed: Only part of a ReadProcessMemory or WriteProcessMemory request was completed. (0x12B)
[0610/212007.492:ERROR:process_memory_win.cc(73)] ReadMemory at 0x18047c2d610 of 58 bytes failed: Only part of a ReadProcessMemory or WriteProcessMemory request was completed. (0x12B)
[0610/212007.492:ERROR:process_memory_win.cc(73)] ReadMemory at 0x18047c2d650 of 62 bytes failed: Only part of a ReadProcessMemory or WriteProcessMemory request was completed. (0x12B)
[0610/212007.492:ERROR:process_memory_win.cc(73)] ReadMemory at 0x18047c2d710 of 60 bytes failed: Only part of a ReadProcessMemory or WriteProcessMemory request was completed. (0x12B)
[0610/212007.492:ERROR:process_memory_win.cc(73)] ReadMemory at 0x18047c2d7d0 of 60 bytes failed: Only part of a ReadProcessMemory or WriteProcessMemory request was completed. (0x12B)
[0610/212007.492:ERROR:process_memory_win.cc(73)] ReadMemory at 0x18047c2dad0 of 60 bytes failed: Only part of a ReadProcessMemory or WriteProcessMemory request was completed. (0x12B)
[0610/212007.492:ERROR:process_memory_win.cc(73)] ReadMemory at 0x18047c2e040 of 132 bytes failed: Only part of a ReadProcessMemory or WriteProcessMemory request was completed. (0x12B)
[0610/212007.492:ERROR:process_memory_win.cc(73)] ReadMemory at 0x18047c2e160 of 132 bytes failed: Only part of a ReadProcessMemory or WriteProcessMemory request was completed. (0x12B)
[0610/212007.492:ERROR:process_memory_win.cc(73)] ReadMemory at 0x18047c2e280 of 132 bytes failed: Only part of a ReadProcessMemory or WriteProcessMemory request was completed. (0x12B)
[0610/212007.492:ERROR:process_memory_win.cc(73)] ReadMemory at 0x18047c2e3a0 of 132 bytes failed: Only part of a ReadProcessMemory or WriteProcessMemory request was completed. (0x12B)
[0610/212007.492:ERROR:process_memory_win.cc(73)] ReadMemory at 0x18047c2e5e0 of 132 bytes failed: Only part of a ReadProcessMemory or WriteProcessMemory request was completed. (0x12B)
[0610/212007.497:ERROR:process_memory_win.cc(73)] ReadMemory at 0x18047c2e700 of 132 bytes failed: Only part of a ReadProcessMemory or WriteProcessMemory request was completed. (0x12B)
[0610/212007.497:ERROR:process_memory_win.cc(73)] ReadMemory at 0x18047c2e820 of 132 bytes failed: Only part of a ReadProcessMemory or WriteProcessMemory request was completed. (0x12B)
[0610/212007.497:ERROR:process_memory_win.cc(73)] ReadMemory at 0x18047c2e940 of 132 bytes failed: Only part of a ReadProcessMemory or WriteProcessMemory request was completed. (0x12B)
[0610/212007.497:ERROR:process_memory_win.cc(73)] ReadMemory at 0x18047c2ea60 of 132 bytes failed: Only part of a ReadProcessMemory or WriteProcessMemory request was completed. (0x12B)
[0610/212007.497:ERROR:process_memory_win.cc(73)] ReadMemory at 0x18047c2eb80 of 132 bytes failed: Only part of a ReadProcessMemory or WriteProcessMemory request was completed. (0x12B)
[0610/212007.497:ERROR:process_memory_win.cc(73)] ReadMemory at 0x18047c2eca0 of 132 bytes failed: Only part of a ReadProcessMemory or WriteProcessMemory request was completed. (0x12B)
[0610/212007.497:ERROR:process_memory_win.cc(73)] ReadMemory at 0x18047c2edc0 of 132 bytes failed: Only part of a ReadProcessMemory or WriteProcessMemory request was completed. (0x12B)
[0610/212007.498:ERROR:process_memory_win.cc(73)] ReadMemory at 0x18047c2eee0 of 132 bytes failed: Only part of a ReadProcessMemory or WriteProcessMemory request was completed. (0x12B)
[0610/212007.498:ERROR:process_memory_win.cc(73)] ReadMemory at 0x18047c30640 of 64 bytes failed: Only part of a ReadProcessMemory or WriteProcessMemory request was completed. (0x12B)
[0610/212007.498:ERROR:process_memory_win.cc(73)] ReadMemory at 0x18047c30780 of 66 bytes failed: Only part of a ReadProcessMemory or WriteProcessMemory request was completed. (0x12B)
[0610/212007.498:ERROR:process_memory_win.cc(73)] ReadMemory at 0x18047c33120 of 132 bytes failed: Only part of a ReadProcessMemory or WriteProcessMemory request was completed. (0x12B)
[0610/212007.500:ERROR:process_memory_win.cc(73)] ReadMemory at 0x18047c33a20 of 132 bytes failed: Only part of a ReadProcessMemory or WriteProcessMemory request was completed. (0x12B)
[0610/212007.500:ERROR:process_memory_win.cc(73)] ReadMemory at 0x18047c33b40 of 132 bytes failed: Only part of a ReadProcessMemory or WriteProcessMemory request was completed. (0x12B)
[0610/212007.500:ERROR:process_memory_win.cc(73)] ReadMemory at 0x18047c377e0 of 40 bytes failed: Only part of a ReadProcessMemory or WriteProcessMemory request was completed. (0x12B)
[0610/212007.501:ERROR:process_memory_win.cc(73)] ReadMemory at 0x101a0000a0b0 of 40 bytes failed: Only part of a ReadProcessMemory or WriteProcessMemory request was completed. (0x12B)
[0610/212007.501:ERROR:scoped_process_suspend.cc(40)] NtResumeProcess: An attempt was made to access an exiting process. (0xc000010a)
[0619/185510.987:ERROR:file_io.cc(89)] ReadExactly: expected 152, observed 40
[0619/191706.301:ERROR:file_io.cc(89)] ReadExactly: expected 152, observed 40
[0709/191752.776:ERROR:settings.cc(401)] Settings magic is not 1129342067
